-------------------------------------------------------------------------------
Test set: esiea.tools.vector3d.TestEntity3d
-------------------------------------------------------------------------------
Tests run: 10, Failures: 1, Errors: 0, Skipped: 0, Time elapsed: 0.023 s <<< FAILURE! - in esiea.tools.vector3d.TestEntity3d
TestToString  Time elapsed: 0.018 s  <<< FAILURE!
org.opentest4j.AssertionFailedError: expected: <true> but was: <false>
	at esiea.tools.vector3d.TestEntity3d.TestToString(TestEntity3d.java:37)

