<?xml version="1.0" encoding="UTF-8"?>
<testsuite xmlns:xsi="http://www.w3.org/2001/XMLSchema-instance" xsi:noNamespaceSchemaLocation="https://maven.apache.org/surefire/maven-surefire-plugin/xsd/surefire-test-report.xsd" name="esiea.tools.vector3d.TestEntity3d" time="0.023" tests="10" errors="0" skipped="0" failures="1">
  <properties>
[...]
</properties>
  <testcase name="TestEpsilonEquals" classname="esiea.tools.vector3d.TestEntity3d" time="0"/>
  <testcase name="TestEquals" classname="esiea.tools.vector3d.TestEntity3d" time="0"/>
  <testcase name="TestToString" classname="esiea.tools.vector3d.TestEntity3d" time="0.018">
    <failure message="expected: &lt;true&gt; but was: &lt;false&gt;" type="org.opentest4j.AssertionFailedError"><![CDATA[org.opentest4j.AssertionFailedError: expected: <true> but was: <false>
	at esiea.tools.vector3d.TestEntity3d.TestToString(TestEntity3d.java:37)
]]></failure>
  </testcase>
  <testcase name="TestEntity3dVoidConstructor" classname="esiea.tools.vector3d.TestEntity3d" time="0"/>
  <testcase name="TestEntity3dConstructor" classname="esiea.tools.vector3d.TestEntity3d" time="0.001"/>
  <testcase name="TestAdd" classname="esiea.tools.vector3d.TestEntity3d" time="0"/>
  <testcase name="TestScale" classname="esiea.tools.vector3d.TestEntity3d" time="0.001"/>
  <testcase name="TestHashCode" classname="esiea.tools.vector3d.TestEntity3d" time="0"/>
  <testcase name="TestScaleEntity" classname="esiea.tools.vector3d.TestEntity3d" time="0"/>
  <testcase name="TestEntity3dCopyConstructor" classname="esiea.tools.vector3d.TestEntity3d" time="0"/>
</testsuite>